  [1m[36m (0.1ms)[0m  [1mselect sqlite_version(*)[0m
  [1m[35m (40.8ms)[0m  CREATE TABLE "schema_migrations" ("version" varchar(255) NOT NULL) 
  [1m[36m (0.0ms)[0m  [1mPRAGMA index_list("schema_migrations")[0m
  [1m[35m (9.1ms)[0m  CREATE UNIQUE INDEX "unique_schema_migrations" ON "schema_migrations" ("version")
  [1m[36m (0.1ms)[0m  [1mSELECT "schema_migrations"."version" FROM "schema_migrations" [0m
Migrating to CreateMovies (20111119180638)
  [1m[35m (0.1ms)[0m  CREATE TABLE "movies" ("id" INTEGER PRIMARY KEY AUTOINCREMENT NOT NULL, "title" varchar(255), "rating" varchar(255), "description" text, "release_date" datetime, "created_at" datetime, "updated_at" datetime) 
  [1m[36m (0.1ms)[0m  [1mINSERT INTO "schema_migrations" ("version") VALUES ('20111119180638')[0m
  [1m[35m (0.2ms)[0m  select sqlite_version(*)
  [1m[36m (0.1ms)[0m  [1mSELECT "schema_migrations"."version" FROM "schema_migrations" [0m
  [1m[35m (0.0ms)[0m  PRAGMA index_list("movies")
  [1m[36m (0.1ms)[0m  [1mSELECT "schema_migrations"."version" FROM "schema_migrations" [0m
  [1m[35mSQL (4.4ms)[0m  INSERT INTO "movies" ("created_at", "description", "rating", "release_date", "title", "updated_at") VALUES (?, ?, ?, ?, ?, ?)  [["created_at", 2013-10-02 23:00:38 UTC], ["description", nil], ["rating", "G"], ["release_date", 1992-11-25 00:00:00 UTC], ["title", "Aladdin"], ["updated_at", 2013-10-02 23:00:38 UTC]]
  [1m[36mSQL (0.4ms)[0m  [1mINSERT INTO "movies" ("created_at", "description", "rating", "release_date", "title", "updated_at") VALUES (?, ?, ?, ?, ?, ?)[0m  [["created_at", 2013-10-02 23:00:38 UTC], ["description", nil], ["rating", "R"], ["release_date", 1984-10-26 00:00:00 UTC], ["title", "The Terminator"], ["updated_at", 2013-10-02 23:00:38 UTC]]
  [1m[35mSQL (0.3ms)[0m  INSERT INTO "movies" ("created_at", "description", "rating", "release_date", "title", "updated_at") VALUES (?, ?, ?, ?, ?, ?)  [["created_at", 2013-10-02 23:00:38 UTC], ["description", nil], ["rating", "R"], ["release_date", 1989-07-21 00:00:00 UTC], ["title", "When Harry Met Sally"], ["updated_at", 2013-10-02 23:00:38 UTC]]
  [1m[36mSQL (0.3ms)[0m  [1mINSERT INTO "movies" ("created_at", "description", "rating", "release_date", "title", "updated_at") VALUES (?, ?, ?, ?, ?, ?)[0m  [["created_at", 2013-10-02 23:00:38 UTC], ["description", nil], ["rating", "PG-13"], ["release_date", 2011-08-10 00:00:00 UTC], ["title", "The Help"], ["updated_at", 2013-10-02 23:00:38 UTC]]
  [1m[35mSQL (0.3ms)[0m  INSERT INTO "movies" ("created_at", "description", "rating", "release_date", "title", "updated_at") VALUES (?, ?, ?, ?, ?, ?)  [["created_at", 2013-10-02 23:00:38 UTC], ["description", nil], ["rating", "PG-13"], ["release_date", 2001-01-05 00:00:00 UTC], ["title", "Chocolat"], ["updated_at", 2013-10-02 23:00:38 UTC]]
  [1m[36mSQL (0.3ms)[0m  [1mINSERT INTO "movies" ("created_at", "description", "rating", "release_date", "title", "updated_at") VALUES (?, ?, ?, ?, ?, ?)[0m  [["created_at", 2013-10-02 23:00:38 UTC], ["description", nil], ["rating", "R"], ["release_date", 2001-04-25 00:00:00 UTC], ["title", "Amelie"], ["updated_at", 2013-10-02 23:00:38 UTC]]
  [1m[35mSQL (0.3ms)[0m  INSERT INTO "movies" ("created_at", "description", "rating", "release_date", "title", "updated_at") VALUES (?, ?, ?, ?, ?, ?)  [["created_at", 2013-10-02 23:00:39 UTC], ["description", nil], ["rating", "G"], ["release_date", 1968-04-06 00:00:00 UTC], ["title", "2001: A Space Odyssey"], ["updated_at", 2013-10-02 23:00:39 UTC]]
  [1m[36mSQL (0.2ms)[0m  [1mINSERT INTO "movies" ("created_at", "description", "rating", "release_date", "title", "updated_at") VALUES (?, ?, ?, ?, ?, ?)[0m  [["created_at", 2013-10-02 23:00:39 UTC], ["description", nil], ["rating", "PG"], ["release_date", 2004-11-05 00:00:00 UTC], ["title", "The Incredibles"], ["updated_at", 2013-10-02 23:00:39 UTC]]
  [1m[35mSQL (0.3ms)[0m  INSERT INTO "movies" ("created_at", "description", "rating", "release_date", "title", "updated_at") VALUES (?, ?, ?, ?, ?, ?)  [["created_at", 2013-10-02 23:00:39 UTC], ["description", nil], ["rating", "PG"], ["release_date", 1981-06-12 00:00:00 UTC], ["title", "Raiders of the Lost Ark"], ["updated_at", 2013-10-02 23:00:39 UTC]]
  [1m[36mSQL (0.3ms)[0m  [1mINSERT INTO "movies" ("created_at", "description", "rating", "release_date", "title", "updated_at") VALUES (?, ?, ?, ?, ?, ?)[0m  [["created_at", 2013-10-02 23:00:39 UTC], ["description", nil], ["rating", "G"], ["release_date", 2000-06-21 00:00:00 UTC], ["title", "Chicken Run"], ["updated_at", 2013-10-02 23:00:39 UTC]]


Started GET "/assets/rails.png" for 127.0.0.1 at 2013-10-02 17:01:27 -0600
Served asset /rails.png - 200 OK (2ms)


Started GET "/movies" for 127.0.0.1 at 2013-10-02 17:01:36 -0600
  Processing by MoviesController#index as HTML
  [1m[36mMovie Load (0.3ms)[0m  [1mSELECT "movies".* FROM "movies" [0m
Rendered movies/index.html.haml within layouts/application (52.2ms)
Compiled application.css  (0ms)  (pid 7989)
Compiled application.js  (0ms)  (pid 7989)
Completed 200 OK in 73ms (Views: 71.3ms | ActiveRecord: 0.5ms)


Started GET "/assets/application.css?body=1" for 127.0.0.1 at 2013-10-02 17:01:37 -0600
Served asset /application.css - 200 OK (0ms)


Started GET "/assets/application.js?body=1" for 127.0.0.1 at 2013-10-02 17:01:37 -0600
Served asset /application.js - 200 OK (1ms)


Started GET "/movies/title" for 127.0.0.1 at 2013-10-02 18:45:09 -0600
  Processing by MoviesController#show as HTML
  Parameters: {"id"=>"title"}
  [1m[36mMovie Load (0.3ms)[0m  [1mSELECT "movies".* FROM "movies" WHERE "movies"."id" = ? LIMIT 1[0m  [["id", "title"]]
Completed 404 Not Found in 3ms

ActiveRecord::RecordNotFound (Couldn't find Movie with id=title):
  app/controllers/movies_controller.rb:5:in `show'

Rendered /home/gunderjt/.rvm/gems/ruby-2.0.0-p247/gems/actionpack-3.1.0/lib/action_dispatch/middleware/templates/rescues/_trace.erb (1.8ms)
Rendered /home/gunderjt/.rvm/gems/ruby-2.0.0-p247/gems/actionpack-3.1.0/lib/action_dispatch/middleware/templates/rescues/_request_and_response.erb (27.0ms)
Rendered /home/gunderjt/.rvm/gems/ruby-2.0.0-p247/gems/actionpack-3.1.0/lib/action_dispatch/middleware/templates/rescues/diagnostics.erb within rescues/layout (31.4ms)


Started GET "/movies/sort/title" for 127.0.0.1 at 2013-10-02 18:54:56 -0600
  Processing by MoviesController#index as HTML
  Parameters: {"type"=>"title"}
  [1m[36mMovie Load (0.3ms)[0m  [1mSELECT "movies".* FROM "movies" [0m
  [1m[35mMovie Load (0.3ms)[0m  SELECT "movies".* FROM "movies" ORDER BY title
Rendered movies/index.html.haml within layouts/application (46.4ms)
Completed 200 OK in 69ms (Views: 65.8ms | ActiveRecord: 0.8ms)


Started GET "/assets/application.css?body=1" for 127.0.0.1 at 2013-10-02 18:54:57 -0600
Served asset /application.css - 304 Not Modified (0ms)


Started GET "/assets/application.js?body=1" for 127.0.0.1 at 2013-10-02 18:54:57 -0600
Served asset /application.js - 304 Not Modified (0ms)


Started GET "/movies/sort/date" for 127.0.0.1 at 2013-10-02 18:55:05 -0600
  Processing by MoviesController#index as HTML
  Parameters: {"type"=>"date"}
  [1m[36mMovie Load (0.2ms)[0m  [1mSELECT "movies".* FROM "movies" [0m
  [1m[35mMovie Load (7.6ms)[0m  SELECT "movies".* FROM "movies" ORDER BY release_date
Rendered movies/index.html.haml within layouts/application (18.1ms)
Completed 200 OK in 36ms (Views: 25.1ms | ActiveRecord: 8.0ms)


Started GET "/assets/application.css?body=1" for 127.0.0.1 at 2013-10-02 18:55:06 -0600
Served asset /application.css - 304 Not Modified (0ms)


Started GET "/assets/application.js?body=1" for 127.0.0.1 at 2013-10-02 18:55:06 -0600
Served asset /application.js - 304 Not Modified (0ms)


Started GET "/assets/rails.png" for 127.0.0.1 at 2013-10-04 06:38:04 -0700
Served asset /rails.png - 200 OK (3ms)


Started GET "/movies" for 127.0.0.1 at 2013-10-04 06:38:10 -0700
  Processing by MoviesController#index as HTML
  [1m[36mMovie Load (0.2ms)[0m  [1mSELECT "movies".* FROM "movies" [0m
Rendered movies/index.html.haml within layouts/application (25.9ms)
Completed 200 OK in 86ms (Views: 84.2ms | ActiveRecord: 1.1ms)


Started GET "/assets/application.css?body=1" for 127.0.0.1 at 2013-10-04 06:38:10 -0700
Served asset /application.css - 200 OK (0ms)


Started GET "/assets/application.js?body=1" for 127.0.0.1 at 2013-10-04 06:38:10 -0700
Served asset /application.js - 200 OK (0ms)


Started GET "/movies/sort/title" for 127.0.0.1 at 2013-10-04 06:38:17 -0700
  Processing by MoviesController#index as HTML
  Parameters: {"type"=>"title"}
  [1m[35mMovie Load (0.1ms)[0m  SELECT "movies".* FROM "movies" 
  [1m[36mMovie Load (0.2ms)[0m  [1mSELECT "movies".* FROM "movies" ORDER BY title[0m
Rendered movies/index.html.haml within layouts/application (8.5ms)
Completed 200 OK in 15ms (Views: 12.7ms | ActiveRecord: 0.8ms)


Started GET "/assets/application.css?body=1" for 127.0.0.1 at 2013-10-04 06:38:17 -0700
Served asset /application.css - 304 Not Modified (0ms)


Started GET "/assets/application.js?body=1" for 127.0.0.1 at 2013-10-04 06:38:17 -0700
Served asset /application.js - 304 Not Modified (0ms)


Started GET "/movies/sort/release_date" for 127.0.0.1 at 2013-10-04 06:38:27 -0700
  Processing by MoviesController#index as HTML
  Parameters: {"type"=>"release_date"}
  [1m[35mMovie Load (0.2ms)[0m  SELECT "movies".* FROM "movies" 
Rendered movies/index.html.haml within layouts/application (7.3ms)
Completed 200 OK in 14ms (Views: 12.3ms | ActiveRecord: 0.5ms)


Started GET "/assets/application.css?body=1" for 127.0.0.1 at 2013-10-04 06:38:27 -0700
Served asset /application.css - 304 Not Modified (3ms)


Started GET "/assets/application.js?body=1" for 127.0.0.1 at 2013-10-04 06:38:27 -0700
Served asset /application.js - 304 Not Modified (0ms)


Started GET "/movies/sort/date" for 127.0.0.1 at 2013-10-04 06:38:45 -0700
  Processing by MoviesController#index as HTML
  Parameters: {"type"=>"date"}
  [1m[36mMovie Load (0.1ms)[0m  [1mSELECT "movies".* FROM "movies" [0m
  [1m[35mMovie Load (0.1ms)[0m  SELECT "movies".* FROM "movies" ORDER BY release_date
Rendered movies/index.html.haml within layouts/application (7.3ms)
Completed 200 OK in 15ms (Views: 12.9ms | ActiveRecord: 0.5ms)


Started GET "/assets/application.css?body=1" for 127.0.0.1 at 2013-10-04 06:38:45 -0700
Served asset /application.css - 304 Not Modified (0ms)


Started GET "/assets/application.js?body=1" for 127.0.0.1 at 2013-10-04 06:38:45 -0700
Served asset /application.js - 304 Not Modified (0ms)


Started GET "/movies/sort/release_date" for 127.0.0.1 at 2013-10-04 08:17:32 -0700
  Processing by MoviesController#index as HTML
  Parameters: {"type"=>"release_date"}
  [1m[36mMovie Load (0.2ms)[0m  [1mSELECT "movies".* FROM "movies" [0m
  [1m[35mMovie Load (0.2ms)[0m  SELECT "movies".* FROM "movies" ORDER BY release_date
Rendered movies/index.html.haml within layouts/application (13.4ms)
Completed 200 OK in 82ms (Views: 80.3ms | ActiveRecord: 0.5ms)


Started GET "/assets/application.css?body=1" for 127.0.0.1 at 2013-10-04 08:17:33 -0700
Served asset /application.css - 304 Not Modified (35ms)


Started GET "/assets/application.js?body=1" for 127.0.0.1 at 2013-10-04 08:17:33 -0700
Served asset /application.js - 304 Not Modified (0ms)


Started GET "/movies/sort/title" for 127.0.0.1 at 2013-10-04 08:17:40 -0700
  Processing by MoviesController#index as HTML
  Parameters: {"type"=>"title"}
  [1m[36mMovie Load (0.0ms)[0m  [1mSELECT "movies".* FROM "movies" [0m
  [1m[35mMovie Load (0.2ms)[0m  SELECT "movies".* FROM "movies" ORDER BY title
Rendered movies/index.html.haml within layouts/application (6.8ms)
Completed 200 OK in 13ms (Views: 11.7ms | ActiveRecord: 0.5ms)


Started GET "/assets/application.css?body=1" for 127.0.0.1 at 2013-10-04 08:17:40 -0700
Served asset /application.css - 304 Not Modified (0ms)


Started GET "/assets/application.js?body=1" for 127.0.0.1 at 2013-10-04 08:17:40 -0700
Served asset /application.js - 304 Not Modified (0ms)


Started GET "/movies/sort/rating" for 127.0.0.1 at 2013-10-04 08:17:47 -0700
  Processing by MoviesController#index as HTML
  Parameters: {"type"=>"rating"}
  [1m[36mMovie Load (0.1ms)[0m  [1mSELECT "movies".* FROM "movies" [0m
  [1m[35mMovie Load (0.2ms)[0m  SELECT "movies".* FROM "movies" ORDER BY rating
Rendered movies/index.html.haml within layouts/application (7.1ms)
Completed 200 OK in 14ms (Views: 11.7ms | ActiveRecord: 0.5ms)


Started GET "/assets/application.css?body=1" for 127.0.0.1 at 2013-10-04 08:17:47 -0700
Served asset /application.css - 304 Not Modified (0ms)


Started GET "/assets/application.js?body=1" for 127.0.0.1 at 2013-10-04 08:17:47 -0700
Served asset /application.js - 304 Not Modified (0ms)


Started GET "/movies/" for 127.0.0.1 at 2013-10-04 08:47:07 -0700
  Processing by MoviesController#index as HTML
  [1m[36mMovie Load (0.2ms)[0m  [1mSELECT "movies".* FROM "movies" [0m
  [1m[35mCACHE (0.0ms)[0m  SELECT "movies".* FROM "movies" 
Rendered movies/index.html.haml within layouts/application (13.2ms)
Compiled application.css  (0ms)  (pid 5513)
Completed 200 OK in 82ms (Views: 79.9ms | ActiveRecord: 0.3ms)


Started GET "/assets/application.css?body=1" for 127.0.0.1 at 2013-10-04 08:47:08 -0700
Served asset /application.css - 200 OK (0ms)


Started GET "/assets/application.js?body=1" for 127.0.0.1 at 2013-10-04 08:47:09 -0700
Served asset /application.js - 304 Not Modified (0ms)


Started GET "/movies/" for 127.0.0.1 at 2013-10-04 08:48:52 -0700
  Processing by MoviesController#index as HTML
  [1m[36mMovie Load (0.2ms)[0m  [1mSELECT "movies".* FROM "movies" [0m
  [1m[35mCACHE (0.0ms)[0m  SELECT "movies".* FROM "movies" 
Rendered movies/index.html.haml within layouts/application (15.0ms)
Completed 200 OK in 94ms (Views: 91.2ms | ActiveRecord: 0.3ms)


Started GET "/assets/application.css?body=1" for 127.0.0.1 at 2013-10-04 08:48:53 -0700
Served asset /application.css - 304 Not Modified (0ms)


Started GET "/assets/application.js?body=1" for 127.0.0.1 at 2013-10-04 08:48:53 -0700
Served asset /application.js - 304 Not Modified (0ms)


Started GET "/movies/" for 127.0.0.1 at 2013-10-04 08:49:26 -0700
  Processing by MoviesController#index as HTML
  [1m[36mMovie Load (0.2ms)[0m  [1mSELECT "movies".* FROM "movies" [0m
  [1m[35mCACHE (0.0ms)[0m  SELECT "movies".* FROM "movies" 
Rendered movies/index.html.haml within layouts/application (5.3ms)
Completed 500 Internal Server Error in 75ms

ActionView::Template::Error (uninitialized constant ActionView::CompiledTemplates::Title):
    4: %table#movies
    5:   %thead
    6:     %tr
    7:       %th= link_to Movie Title, movie_path(sort/title)
    8:       %th Rating
    9:       %th Release Date
    10:       %th More Info
  app/views/movies/index.html.haml:7:in `_app_views_movies_index_html_haml__771919050__641743428'

Rendered /usr/local/lib/ruby/gems/1.9.1/gems/actionpack-3.1.0/lib/action_dispatch/middleware/templates/rescues/_trace.erb (1.7ms)
Rendered /usr/local/lib/ruby/gems/1.9.1/gems/actionpack-3.1.0/lib/action_dispatch/middleware/templates/rescues/_request_and_response.erb (0.8ms)
Rendered /usr/local/lib/ruby/gems/1.9.1/gems/actionpack-3.1.0/lib/action_dispatch/middleware/templates/rescues/template_error.erb within rescues/layout (4.6ms)


Started GET "/movies/" for 127.0.0.1 at 2013-10-04 08:50:48 -0700
  Processing by MoviesController#index as HTML
  [1m[36mMovie Load (0.2ms)[0m  [1mSELECT "movies".* FROM "movies" [0m
  [1m[35mCACHE (0.0ms)[0m  SELECT "movies".* FROM "movies" 
Rendered movies/index.html.haml within layouts/application (3.9ms)
Completed 500 Internal Server Error in 67ms

ActionView::Template::Error (uninitialized constant ActionView::CompiledTemplates::Title):
    4: %table#movies
    5:   %thead
    6:     %tr
    7:       %th= link_to Movie Title, movie_path
    8:       %th Rating
    9:       %th Release Date
    10:       %th More Info
  app/views/movies/index.html.haml:7:in `_app_views_movies_index_html_haml__977514336__640840978'

Rendered /usr/local/lib/ruby/gems/1.9.1/gems/actionpack-3.1.0/lib/action_dispatch/middleware/templates/rescues/_trace.erb (2.1ms)
Rendered /usr/local/lib/ruby/gems/1.9.1/gems/actionpack-3.1.0/lib/action_dispatch/middleware/templates/rescues/_request_and_response.erb (0.7ms)
Rendered /usr/local/lib/ruby/gems/1.9.1/gems/actionpack-3.1.0/lib/action_dispatch/middleware/templates/rescues/template_error.erb within rescues/layout (4.3ms)


Started GET "/movies/" for 127.0.0.1 at 2013-10-04 08:52:03 -0700
  Processing by MoviesController#index as HTML
  [1m[36mMovie Load (0.1ms)[0m  [1mSELECT "movies".* FROM "movies" [0m
  [1m[35mCACHE (0.0ms)[0m  SELECT "movies".* FROM "movies" 
Rendered movies/index.html.haml within layouts/application (3.2ms)
Completed 500 Internal Server Error in 64ms

ActionView::Template::Error (No route matches {:action=>"show", :controller=>"movies"}):
    4: %table#movies
    5:   %thead
    6:     %tr
    7:       %th= link_to "Movie Title", movie_path
    8:       %th Rating
    9:       %th Release Date
    10:       %th More Info
  app/views/movies/index.html.haml:7:in `_app_views_movies_index_html_haml___249162795__642276198'

Rendered /usr/local/lib/ruby/gems/1.9.1/gems/actionpack-3.1.0/lib/action_dispatch/middleware/templates/rescues/routing_error.erb within rescues/layout (0.4ms)


Started GET "/movies/" for 127.0.0.1 at 2013-10-04 09:03:29 -0700
  Processing by MoviesController#index as HTML
  [1m[36mMovie Load (0.0ms)[0m  [1mSELECT "movies".* FROM "movies" [0m
  [1m[35mCACHE (0.0ms)[0m  SELECT "movies".* FROM "movies" 
Rendered movies/index.html.haml within layouts/application (47.9ms)
Completed 500 Internal Server Error in 106ms

ActionView::Template::Error (undefined local variable or method `title' for #<#<Class:0xabc5610>:0xb316a144>):
    4: %table#movies
    5:   %thead
    6:     %tr
    7:       %th= link_to "Movie Title", sort_path(title)
    8:       %th Rating
    9:       %th Release Date
    10:       %th More Info
  app/views/movies/index.html.haml:7:in `_app_views_movies_index_html_haml__1053574895__641348208'

Rendered /usr/local/lib/ruby/gems/1.9.1/gems/actionpack-3.1.0/lib/action_dispatch/middleware/templates/rescues/_trace.erb (0.9ms)
Rendered /usr/local/lib/ruby/gems/1.9.1/gems/actionpack-3.1.0/lib/action_dispatch/middleware/templates/rescues/_request_and_response.erb (0.7ms)
Rendered /usr/local/lib/ruby/gems/1.9.1/gems/actionpack-3.1.0/lib/action_dispatch/middleware/templates/rescues/template_error.erb within rescues/layout (3.3ms)


Started GET "/movies/" for 127.0.0.1 at 2013-10-04 09:04:18 -0700
  Processing by MoviesController#index as HTML
  [1m[36mMovie Load (0.2ms)[0m  [1mSELECT "movies".* FROM "movies" [0m
  [1m[35mCACHE (0.0ms)[0m  SELECT "movies".* FROM "movies" 
Rendered movies/index.html.haml within layouts/application (16.8ms)
Completed 200 OK in 87ms (Views: 85.1ms | ActiveRecord: 0.3ms)


Started GET "/assets/application.css?body=1" for 127.0.0.1 at 2013-10-04 09:04:19 -0700
Served asset /application.css - 304 Not Modified (0ms)


Started GET "/assets/application.js?body=1" for 127.0.0.1 at 2013-10-04 09:04:19 -0700
Served asset /application.js - 304 Not Modified (0ms)


Started GET "/movies/sort/title" for 127.0.0.1 at 2013-10-04 09:04:21 -0700
  Processing by MoviesController#index as HTML
  Parameters: {"type"=>"title"}
  [1m[36mMovie Load (0.1ms)[0m  [1mSELECT "movies".* FROM "movies" [0m
  [1m[35mMovie Load (0.2ms)[0m  SELECT "movies".* FROM "movies" ORDER BY title
Rendered movies/index.html.haml within layouts/application (7.9ms)
Completed 200 OK in 14ms (Views: 11.7ms | ActiveRecord: 0.5ms)


Started GET "/assets/application.css?body=1" for 127.0.0.1 at 2013-10-04 09:04:21 -0700
Served asset /application.css - 304 Not Modified (0ms)


Started GET "/assets/application.js?body=1" for 127.0.0.1 at 2013-10-04 09:04:21 -0700
Served asset /application.js - 304 Not Modified (0ms)


Started GET "/movies/sort/title" for 127.0.0.1 at 2013-10-04 09:04:24 -0700
  Processing by MoviesController#index as HTML
  Parameters: {"type"=>"title"}
  [1m[36mMovie Load (0.1ms)[0m  [1mSELECT "movies".* FROM "movies" [0m
  [1m[35mMovie Load (0.1ms)[0m  SELECT "movies".* FROM "movies" ORDER BY title
Rendered movies/index.html.haml within layouts/application (7.5ms)
Completed 200 OK in 19ms (Views: 16.4ms | ActiveRecord: 0.6ms)


Started GET "/assets/application.css?body=1" for 127.0.0.1 at 2013-10-04 09:04:24 -0700
Served asset /application.css - 304 Not Modified (2ms)


Started GET "/assets/application.js?body=1" for 127.0.0.1 at 2013-10-04 09:04:24 -0700
Served asset /application.js - 304 Not Modified (2ms)


Started GET "/movies/sort/title" for 127.0.0.1 at 2013-10-04 09:05:24 -0700
  Processing by MoviesController#index as HTML
  Parameters: {"type"=>"title"}
  [1m[36mMovie Load (0.2ms)[0m  [1mSELECT "movies".* FROM "movies" [0m
  [1m[35mMovie Load (0.2ms)[0m  SELECT "movies".* FROM "movies" ORDER BY title
Rendered movies/index.html.haml within layouts/application (13.7ms)
Completed 200 OK in 83ms (Views: 79.1ms | ActiveRecord: 0.5ms)


Started GET "/assets/application.css?body=1" for 127.0.0.1 at 2013-10-04 09:05:25 -0700
Served asset /application.css - 304 Not Modified (0ms)


Started GET "/assets/application.js?body=1" for 127.0.0.1 at 2013-10-04 09:05:25 -0700
Served asset /application.js - 304 Not Modified (0ms)


Started GET "/movies/sort/title" for 127.0.0.1 at 2013-10-04 09:05:26 -0700
  Processing by MoviesController#index as HTML
  Parameters: {"type"=>"title"}
  [1m[36mMovie Load (0.1ms)[0m  [1mSELECT "movies".* FROM "movies" [0m
  [1m[35mMovie Load (0.2ms)[0m  SELECT "movies".* FROM "movies" ORDER BY title
Rendered movies/index.html.haml within layouts/application (7.6ms)
Completed 200 OK in 20ms (Views: 13.7ms | ActiveRecord: 0.5ms)


Started GET "/assets/application.css?body=1" for 127.0.0.1 at 2013-10-04 09:05:26 -0700
Served asset /application.css - 304 Not Modified (0ms)


Started GET "/assets/application.js?body=1" for 127.0.0.1 at 2013-10-04 09:05:26 -0700
Served asset /application.js - 304 Not Modified (0ms)


Started GET "/movies/sort/release_date" for 127.0.0.1 at 2013-10-04 09:05:28 -0700
  Processing by MoviesController#index as HTML
  Parameters: {"type"=>"release_date"}
  [1m[36mMovie Load (0.2ms)[0m  [1mSELECT "movies".* FROM "movies" [0m
  [1m[35mMovie Load (0.1ms)[0m  SELECT "movies".* FROM "movies" ORDER BY release_date
Rendered movies/index.html.haml within layouts/application (8.2ms)
Completed 200 OK in 18ms (Views: 12.4ms | ActiveRecord: 0.5ms)


Started GET "/assets/application.css?body=1" for 127.0.0.1 at 2013-10-04 09:05:28 -0700
Served asset /application.css - 304 Not Modified (0ms)


Started GET "/assets/application.js?body=1" for 127.0.0.1 at 2013-10-04 09:05:28 -0700
Served asset /application.js - 304 Not Modified (0ms)


Started GET "/movies/sort/title" for 127.0.0.1 at 2013-10-04 09:05:30 -0700
  Processing by MoviesController#index as HTML
  Parameters: {"type"=>"title"}
  [1m[36mMovie Load (0.2ms)[0m  [1mSELECT "movies".* FROM "movies" [0m
  [1m[35mMovie Load (0.1ms)[0m  SELECT "movies".* FROM "movies" ORDER BY title
Rendered movies/index.html.haml within layouts/application (34.4ms)
Completed 200 OK in 40ms (Views: 38.3ms | ActiveRecord: 0.5ms)


Started GET "/assets/application.css?body=1" for 127.0.0.1 at 2013-10-04 09:05:30 -0700
Served asset /application.css - 304 Not Modified (0ms)


Started GET "/assets/application.js?body=1" for 127.0.0.1 at 2013-10-04 09:05:30 -0700
Served asset /application.js - 304 Not Modified (0ms)


Started GET "/movies/sort/release_date" for 127.0.0.1 at 2013-10-04 09:05:31 -0700
  Processing by MoviesController#index as HTML
  Parameters: {"type"=>"release_date"}
  [1m[36mMovie Load (0.1ms)[0m  [1mSELECT "movies".* FROM "movies" [0m
  [1m[35mMovie Load (0.2ms)[0m  SELECT "movies".* FROM "movies" ORDER BY release_date
Rendered movies/index.html.haml within layouts/application (14.3ms)
Completed 200 OK in 20ms (Views: 18.3ms | ActiveRecord: 0.5ms)


Started GET "/assets/application.css?body=1" for 127.0.0.1 at 2013-10-04 09:05:31 -0700
Served asset /application.css - 304 Not Modified (0ms)


Started GET "/assets/application.js?body=1" for 127.0.0.1 at 2013-10-04 09:05:31 -0700
Served asset /application.js - 304 Not Modified (0ms)


Started GET "/movies/sort/title" for 127.0.0.1 at 2013-10-04 09:05:35 -0700
  Processing by MoviesController#index as HTML
  Parameters: {"type"=>"title"}
  [1m[36mMovie Load (0.1ms)[0m  [1mSELECT "movies".* FROM "movies" [0m
  [1m[35mMovie Load (0.2ms)[0m  SELECT "movies".* FROM "movies" ORDER BY title
Rendered movies/index.html.haml within layouts/application (23.7ms)
Completed 200 OK in 34ms (Views: 31.6ms | ActiveRecord: 0.6ms)


Started GET "/assets/application.css?body=1" for 127.0.0.1 at 2013-10-04 09:05:36 -0700
Served asset /application.css - 304 Not Modified (0ms)


Started GET "/assets/application.js?body=1" for 127.0.0.1 at 2013-10-04 09:05:36 -0700
Served asset /application.js - 304 Not Modified (0ms)


Started GET "/movies/sort/release_date" for 127.0.0.1 at 2013-10-04 09:15:53 -0700
  Processing by MoviesController#index as HTML
  Parameters: {"type"=>"release_date"}
  [1m[36mMovie Load (0.1ms)[0m  [1mSELECT "movies".* FROM "movies" [0m
  [1m[35mMovie Load (0.2ms)[0m  SELECT "movies".* FROM "movies" ORDER BY release_date
Rendered movies/index.html.haml within layouts/application (8.6ms)
Completed 200 OK in 17ms (Views: 14.8ms | ActiveRecord: 0.6ms)


Started GET "/assets/application.css?body=1" for 127.0.0.1 at 2013-10-04 09:15:53 -0700
Served asset /application.css - 304 Not Modified (0ms)


Started GET "/assets/application.js?body=1" for 127.0.0.1 at 2013-10-04 09:15:53 -0700
Served asset /application.js - 304 Not Modified (0ms)


Started GET "/movies/sort/title" for 127.0.0.1 at 2013-10-04 09:15:54 -0700
  Processing by MoviesController#index as HTML
  Parameters: {"type"=>"title"}
  [1m[36mMovie Load (0.2ms)[0m  [1mSELECT "movies".* FROM "movies" [0m
  [1m[35mMovie Load (0.2ms)[0m  SELECT "movies".* FROM "movies" ORDER BY title
Rendered movies/index.html.haml within layouts/application (8.5ms)
Completed 200 OK in 15ms (Views: 12.1ms | ActiveRecord: 0.6ms)


Started GET "/assets/application.css?body=1" for 127.0.0.1 at 2013-10-04 09:15:54 -0700
Served asset /application.css - 304 Not Modified (0ms)


Started GET "/assets/application.js?body=1" for 127.0.0.1 at 2013-10-04 09:15:54 -0700
Served asset /application.js - 304 Not Modified (0ms)


Started GET "/movies/sort/release_date" for 127.0.0.1 at 2013-10-04 09:15:55 -0700
  Processing by MoviesController#index as HTML
  Parameters: {"type"=>"release_date"}
  [1m[36mMovie Load (0.1ms)[0m  [1mSELECT "movies".* FROM "movies" [0m
  [1m[35mMovie Load (0.2ms)[0m  SELECT "movies".* FROM "movies" ORDER BY release_date
Rendered movies/index.html.haml within layouts/application (17.0ms)
Completed 200 OK in 27ms (Views: 20.6ms | ActiveRecord: 0.5ms)


Started GET "/assets/application.css?body=1" for 127.0.0.1 at 2013-10-04 09:15:55 -0700
Served asset /application.css - 304 Not Modified (0ms)


Started GET "/assets/application.js?body=1" for 127.0.0.1 at 2013-10-04 09:15:55 -0700
Served asset /application.js - 304 Not Modified (0ms)


Started GET "/movies/sort/title" for 127.0.0.1 at 2013-10-04 09:15:56 -0700
  Processing by MoviesController#index as HTML
  Parameters: {"type"=>"title"}
  [1m[36mMovie Load (0.1ms)[0m  [1mSELECT "movies".* FROM "movies" [0m
  [1m[35mMovie Load (0.2ms)[0m  SELECT "movies".* FROM "movies" ORDER BY title
Rendered movies/index.html.haml within layouts/application (7.6ms)
Completed 200 OK in 13ms (Views: 11.3ms | ActiveRecord: 0.5ms)


Started GET "/assets/application.css?body=1" for 127.0.0.1 at 2013-10-04 09:15:56 -0700
Served asset /application.css - 304 Not Modified (0ms)


Started GET "/assets/application.js?body=1" for 127.0.0.1 at 2013-10-04 09:15:56 -0700
Served asset /application.js - 304 Not Modified (0ms)


Started GET "/movies/sort/release_date" for 127.0.0.1 at 2013-10-04 09:15:58 -0700
  Processing by MoviesController#index as HTML
  Parameters: {"type"=>"release_date"}
  [1m[36mMovie Load (5.7ms)[0m  [1mSELECT "movies".* FROM "movies" [0m
  [1m[35mMovie Load (0.2ms)[0m  SELECT "movies".* FROM "movies" ORDER BY release_date
Rendered movies/index.html.haml within layouts/application (8.1ms)
Completed 200 OK in 20ms (Views: 12.7ms | ActiveRecord: 6.1ms)


Started GET "/assets/application.css?body=1" for 127.0.0.1 at 2013-10-04 09:15:58 -0700
Served asset /application.css - 304 Not Modified (0ms)


Started GET "/assets/application.js?body=1" for 127.0.0.1 at 2013-10-04 09:15:58 -0700
Served asset /application.js - 304 Not Modified (0ms)
